# JRE version: Java(TM) SE Runtime Environment (7.0_79-b15) (build 1.7.0_79-b15)
# Java VM: Java HotSpot(TM) 64-Bit Server VM (24.79-b02 mixed mode windows-amd64 compressed oops)
Heap
 PSYoungGen      total 293888K, used 176875K [0x00000000eaa80000, 0x0000000100000000, 0x0000000100000000)
  eden space 262144K, 57% used [0x00000000eaa80000,0x00000000f3cf1fa8,0x00000000faa80000)
  from space 31744K, 84% used [0x00000000faa80000,0x00000000fc4c8d48,0x00000000fc980000)
  to   space 55296K, 0% used [0x00000000fca00000,0x00000000fca00000,0x0000000100000000)
 ParOldGen       total 174592K, used 86038K [0x00000000c0000000, 0x00000000caa80000, 0x00000000eaa80000)
  object space 174592K, 49% used [0x00000000c0000000,0x00000000c5405a28,0x00000000caa80000)
 PSPermGen       total 21504K, used 6058K [0x00000000bae00000, 0x00000000bc300000, 0x00000000c0000000)
  object space 21504K, 28% used [0x00000000bae00000,0x00000000bb3ea928,0x00000000bc300000)
GC Heap History (10 events):
Event: 3.803 GC heap before
{Heap before GC invocations=4 (full 0):
 PSYoungGen      total 71680K, used 71664K [0x00000000eaa80000, 0x00000000f3680000, 0x0000000100000000)
  eden space 66560K, 100% used [0x00000000eaa80000,0x00000000eeb80000,0x00000000eeb80000)
  from space 5120K, 99% used [0x00000000eeb80000,0x00000000ef07c110,0x00000000ef080000)
  to   space 5120K, 0% used [0x00000000f3180000,0x00000000f3180000,0x00000000f3680000)
 ParOldGen       total 86528K, used 18782K [0x00000000c0000000, 0x00000000c5480000, 0x00000000eaa80000)
  object space 86528K, 21% used [0x00000000c0000000,0x00000000c1257940,0x00000000c5480000)
 PSPermGen       total 21504K, used 5938K [0x00000000bae00000, 0x00000000bc300000, 0x00000000c0000000)
  object space 21504K, 27% used [0x00000000bae00000,0x00000000bb3cc9e0,0x00000000bc300000)
Event: 3.878 GC heap after
Heap after GC invocations=4 (full 0):
 PSYoungGen      total 138240K, used 5096K [0x00000000eaa80000, 0x00000000f3680000, 0x0000000100000000)
  eden space 133120K, 0% used [0x00000000eaa80000,0x00000000eaa80000,0x00000000f2c80000)
  from space 5120K, 99% used [0x00000000f3180000,0x00000000f367a070,0x00000000f3680000)
  to   space 5120K, 0% used [0x00000000f2c80000,0x00000000f2c80000,0x00000000f3180000)
 ParOldGen       total 86528K, used 29204K [0x00000000c0000000, 0x00000000c5480000, 0x00000000eaa80000)
  object space 86528K, 33% used [0x00000000c0000000,0x00000000c1c850b8,0x00000000c5480000)
 PSPermGen       total 21504K, used 5938K [0x00000000bae00000, 0x00000000bc300000, 0x00000000c0000000)
  object space 21504K, 27% used [0x00000000bae00000,0x00000000bb3cc9e0,0x00000000bc300000)
}
Event: 4.957 GC heap before
{Heap before GC invocations=5 (full 0):
 PSYoungGen      total 138240K, used 138216K [0x00000000eaa80000, 0x00000000f3680000, 0x0000000100000000)
  eden space 133120K, 100% used [0x00000000eaa80000,0x00000000f2c80000,0x00000000f2c80000)
  from space 5120K, 99% used [0x00000000f3180000,0x00000000f367a070,0x00000000f3680000)
  to   space 5120K, 0% used [0x00000000f2c80000,0x00000000f2c80000,0x00000000f3180000)
 ParOldGen       total 86528K, used 29204K [0x00000000c0000000, 0x00000000c5480000, 0x00000000eaa80000)
  object space 86528K, 33% used [0x00000000c0000000,0x00000000c1c850b8,0x00000000c5480000)
 PSPermGen       total 21504K, used 6012K [0x00000000bae00000, 0x00000000bc300000, 0x00000000c0000000)
  object space 21504K, 27% used [0x00000000bae00000,0x00000000bb3df088,0x00000000bc300000)
Event: 5.012 GC heap after
Heap after GC invocations=5 (full 0):
 PSYoungGen      total 138240K, used 5088K [0x00000000eaa80000, 0x00000000fe480000, 0x0000000100000000)
  eden space 133120K, 0% used [0x00000000eaa80000,0x00000000eaa80000,0x00000000f2c80000)
  from space 5120K, 99% used [0x00000000f2c80000,0x00000000f3178108,0x00000000f3180000)
  to   space 27648K, 0% used [0x00000000fc980000,0x00000000fc980000,0x00000000fe480000)
 ParOldGen       total 86528K, used 50222K [0x00000000c0000000, 0x00000000c5480000, 0x00000000eaa80000)
  object space 86528K, 58% used [0x00000000c0000000,0x00000000c310bb80,0x00000000c5480000)
 PSPermGen       total 21504K, used 6012K [0x00000000bae00000, 0x00000000bc300000, 0x00000000c0000000)
  object space 21504K, 27% used [0x00000000bae00000,0x00000000bb3df088,0x00000000bc300000)
}
Event: 5.705 GC heap before
{Heap before GC invocations=6 (full 0):
 PSYoungGen      total 138240K, used 138208K [0x00000000eaa80000, 0x00000000fe480000, 0x0000000100000000)
  eden space 133120K, 100% used [0x00000000eaa80000,0x00000000f2c80000,0x00000000f2c80000)
  from space 5120K, 99% used [0x00000000f2c80000,0x00000000f3178108,0x00000000f3180000)
  to   space 27648K, 0% used [0x00000000fc980000,0x00000000fc980000,0x00000000fe480000)
 ParOldGen       total 86528K, used 50222K [0x00000000c0000000, 0x00000000c5480000, 0x00000000eaa80000)
  object space 86528K, 58% used [0x00000000c0000000,0x00000000c310bb80,0x00000000c5480000)
 PSPermGen       total 21504K, used 6030K [0x00000000bae00000, 0x00000000bc300000, 0x00000000c0000000)
  object space 21504K, 28% used [0x00000000bae00000,0x00000000bb3e3a30,0x00000000bc300000)
Event: 5.784 GC heap after
Heap after GC invocations=6 (full 0):
 PSYoungGen      total 289792K, used 25713K [0x00000000eaa80000, 0x00000000fec80000, 0x0000000100000000)
  eden space 262144K, 0% used [0x00000000eaa80000,0x00000000eaa80000,0x00000000faa80000)
  from space 27648K, 93% used [0x00000000fc980000,0x00000000fe29c570,0x00000000fe480000)
  to   space 31744K, 0% used [0x00000000faa80000,0x00000000faa80000,0x00000000fc980000)
 ParOldGen       total 86528K, used 50222K [0x00000000c0000000, 0x00000000c5480000, 0x00000000eaa80000)
  object space 86528K, 58% used [0x00000000c0000000,0x00000000c310bb80,0x00000000c5480000)
 PSPermGen       total 21504K, used 6030K [0x00000000bae00000, 0x00000000bc300000, 0x00000000c0000000)
  object space 21504K, 28% used [0x00000000bae00000,0x00000000bb3e3a30,0x00000000bc300000)
}
Event: 6.479 GC heap before
{Heap before GC invocations=7 (full 0):
 PSYoungGen      total 289792K, used 287857K [0x00000000eaa80000, 0x00000000fec80000, 0x0000000100000000)
  eden space 262144K, 100% used [0x00000000eaa80000,0x00000000faa80000,0x00000000faa80000)
  from space 27648K, 93% used [0x00000000fc980000,0x00000000fe29c570,0x00000000fe480000)
  to   space 31744K, 0% used [0x00000000faa80000,0x00000000faa80000,0x00000000fc980000)
 ParOldGen       total 86528K, used 50222K [0x00000000c0000000, 0x00000000c5480000, 0x00000000eaa80000)
  object space 86528K, 58% used [0x00000000c0000000,0x00000000c310bb80,0x00000000c5480000)
 PSPermGen       total 21504K, used 6054K [0x00000000bae00000, 0x00000000bc300000, 0x00000000c0000000)
  object space 21504K, 28% used [0x00000000bae00000,0x00000000bb3e9908,0x00000000bc300000)
Event: 6.609 GC heap after
Heap after GC invocations=7 (full 0):
 PSYoungGen      total 293888K, used 31714K [0x00000000eaa80000, 0x0000000100000000, 0x0000000100000000)
  eden space 262144K, 0% used [0x00000000eaa80000,0x00000000eaa80000,0x00000000faa80000)
  from space 31744K, 99% used [0x00000000faa80000,0x00000000fc978a08,0x00000000fc980000)
  to   space 55296K, 0% used [0x00000000fca00000,0x00000000fca00000,0x0000000100000000)
 ParOldGen       total 87040K, used 86680K [0x00000000c0000000, 0x00000000c5500000, 0x00000000eaa80000)
  object space 87040K, 99% used [0x00000000c0000000,0x00000000c54a6270,0x00000000c5500000)
 PSPermGen       total 21504K, used 6054K [0x00000000bae00000, 0x00000000bc300000, 0x00000000c0000000)
  object space 21504K, 28% used [0x00000000bae00000,0x00000000bb3e9908,0x00000000bc300000)
}
Event: 6.610 GC heap before
{Heap before GC invocations=8 (full 1):
 PSYoungGen      total 293888K, used 31714K [0x00000000eaa80000, 0x0000000100000000, 0x0000000100000000)
  eden space 262144K, 0% used [0x00000000eaa80000,0x00000000eaa80000,0x00000000faa80000)
  from space 31744K, 99% used [0x00000000faa80000,0x00000000fc978a08,0x00000000fc980000)
  to   space 55296K, 0% used [0x00000000fca00000,0x00000000fca00000,0x0000000100000000)
 ParOldGen       total 87040K, used 86680K [0x00000000c0000000, 0x00000000c5500000, 0x00000000eaa80000)
  object space 87040K, 99% used [0x00000000c0000000,0x00000000c54a6270,0x00000000c5500000)
 PSPermGen       total 21504K, used 6054K [0x00000000bae00000, 0x00000000bc300000, 0x00000000c0000000)
  object space 21504K, 28% used [0x00000000bae00000,0x00000000bb3e9908,0x00000000bc300000)
Event: 7.832 GC heap after
Heap after GC invocations=8 (full 1):
 PSYoungGen      total 293888K, used 26915K [0x00000000eaa80000, 0x0000000100000000, 0x0000000100000000)
  eden space 262144K, 0% used [0x00000000eaa80000,0x00000000eaa80000,0x00000000faa80000)
  from space 31744K, 84% used [0x00000000faa80000,0x00000000fc4c8d48,0x00000000fc980000)
  to   space 55296K, 0% used [0x00000000fca00000,0x00000000fca00000,0x0000000100000000)
 ParOldGen       total 174592K, used 86038K [0x00000000c0000000, 0x00000000caa80000, 0x00000000eaa80000)
  object space 174592K, 49% used [0x00000000c0000000,0x00000000c5405a28,0x00000000caa80000)
 PSPermGen       total 21504K, used 6048K [0x00000000bae00000, 0x00000000bc300000, 0x00000000c0000000)
  object space 21504K, 28% used [0x00000000bae00000,0x00000000bb3e8228,0x00000000bc300000)
}

